# 
# Steps log generated by v++
# This log file contains a collection of steps that describe the kernel compilation flow
# Note: Some steps are tagged as internal, these steps are for debugging purposes and 
#       are not expected to be able to run independently.
# 

# The following environment variables are set when running vitis-run
Environment variables :
------------------------------------------
CHARPOP=1
COLORTERM=truecolor
ALLUSERSPROFILE=C:\ProgramData
APPDATA=C:\Users\raule\AppData\Roaming
ARR.LENGTH=0
ARR.UBOUND=-1
CHOCOLATEYINSTALL=C:\ProgramData\chocolatey
CHOCOLATEYLASTPATHUPDATE=133461810804657744
CLION=C:\Program Files\JetBrains\CLion 2025.1\bin;
CMAKE_OBJECT_PATH_MAX=4096
COMMONPROGRAMFILES=C:\Program Files\Common Files
COMMONPROGRAMFILES(X86)=C:\Program Files (x86)\Common Files
COMMONPROGRAMW6432=C:\Program Files\Common Files
COMPUTERNAME=DESKTOP-HKFIFEN
COMSPEC=C:\Windows\system32\cmd.exe
CUDA_PATH=C:\Program Files\NVIDIA GPU Computing Toolkit\CUDA\v12.6
CUDA_PATH_V12_6=C:\Program Files\NVIDIA GPU Computing Toolkit\CUDA\v12.6
DRIVERDATA=C:\Windows\System32\Drivers\DriverData
FPS_BROWSER_APP_PROFILE_STRING=Internet Explorer
FPS_BROWSER_USER_PROFILE_STRING=Default
HDI_APPROOT=C:/Xilinx/2025.1/Vitis
HDI_PROCESSOR=i686
HOMEDRIVE=C:
HOMEPATH=\Users\raule
HW_SERVER_DJTG_DISABLE=1
HW_SERVER_FTDIMGR_DISABLE=1
IDE_SKIP_SERVER_LICENSE=1
INT_VARIABLE_NAME=XILINX_PATH
ISL_IOSTREAMS_RSA=C:/Xilinx/2025.1/Vitis/tps/isl
JAVA_HOME=C:/Xilinx/2025.1/Vivado\tps\win64\jre11.0.16_1
LC_NUMERIC=C
LOCALAPPDATA=C:\Users\raule\AppData\Local
LOGONSERVER=\\DESKTOP-HKFIFEN
NODE_PATH=C:\Program Files (x86)\Nodist\bin\node_modules;C:\Program Files (x86)\Nodist\bin\node_modules;C:\Program Files (x86)\Nodist\bin\node_modules;%NODE_PATH%
NODIST_PREFIX=C:\Program Files (x86)\Nodist
NODIST_X64=1
NOSPLASH=false
NUMBER_OF_PROCESSORS=8
ONEDRIVE=C:\Users\raule\OneDrive
OPENSSL_CONF=C:\Program Files\PostgreSQL\psqlODBC\etc\openssl.cnf
ORIGINAL_XDG_CURRENT_DESKTOP=undefined
OS=Windows_NT
PATH=C:/Xilinx/2025.1/Vivado/tps/win64/binutils-2.26/bin;C:/Xilinx/2025.1/Vitis/bin/../gnu/aarch64/nt/aarch64-linux/bin;C:/Xilinx/2025.1/Vitis/bin/../gnu/ppc64le/4.9.3/win64/bin;C:/Xilinx/2025.1/Vitis/bin/../gnu/aarch32/nt/gcc-arm-linux-gnueabi/bin;C:/Xilinx/2025.1/Vitis/tps/mingw/6.2.0/win64.o/nt/bin;C:/Xilinx/2025.1/Vivado\gnuwin\bin;C:/Xilinx/2025.1/Vivado\gnu\microblaze\nt\bin;C:/Xilinx/2025.1/Vitis/bin;C:/Xilinx/2025.1/Vitis\tps\win64;C:/Xilinx/2025.1/Vitis/tps/win64/java-cef-95.0.4638.69/bin/lib/win64;C:/Xilinx/2025.1/Vitis/tps/win64/javafx-sdk-11.0.2/lib;C:/Xilinx/2025.1/Vitis/tps/win64/javafx-sdk-11.0.2/bin;C:/Xilinx/2025.1/Vitis/lib/win64.o;C:/Xilinx/2025.1/Vitis/tps/win64/jre11.0.16_1/bin/server;C:/Xilinx/2025.1/Vitis/tps/win64/jre11.0.16_1/bin;C:/Xilinx/2025.1/Vitis\gnu\microblaze\nt\bin;C:/Xilinx/2025.1/Vitis\gnu\arm\nt\bin;C:/Xilinx/2025.1/Vitis\gnu\microblaze\linux_toolchain\nt64_be\bin;C:/Xilinx/2025.1/Vitis\gnu\microblaze\linux_toolchain\nt64_le\bin;C:/Xilinx/2025.1/Vitis\gnu\aarch32\nt\gcc-arm-linux-gnueabi\bin;C:/Xilinx/2025.1/Vitis\gnu\aarch32\nt\gcc-arm-none-eabi\bin;C:/Xilinx/2025.1/Vitis\gnu\aarch64\nt\aarch64-linux\bin;C:/Xilinx/2025.1/Vitis\gnu\aarch64\nt\aarch64-none\bin;C:/Xilinx/2025.1/Vitis\gnu\armr5\nt\gcc-arm-none-eabi\bin;C:/Xilinx/2025.1/Vitis\gnu\riscv\nt\riscv64-unknown-elf\bin;C:/Xilinx/2025.1/Vivado\tps\win64\python-3.13.0;C:/Xilinx/2025.1/Vivado\tps\win64\git-2.46.0\bin;C:/Xilinx/2025.1/Vivado\tps\win64\cmake-3.24.2\bin;C:/Xilinx/2025.1/Vitis/win64/tools/vcxx\libexec;C:/Xilinx/2025.1/Vivado\tps\win64\jre11.0.16_1\bin;C:/Xilinx/2025.1/Vivado\tps\win64\libxslt/bin;C:\Users\raule\.pyenv\pyenv-win\bin;C:\Users\raule\.pyenv\pyenv-win\shims;C:\Program Files\NVIDIA GPU Computing Toolkit\CUDA\v12.6\bin;C:\Program Files\NVIDIA GPU Computing Toolkit\CUDA\v12.6\libnvvp;C:\Windows\system32;C:\Windows;C:\Windows\System32\Wbem;C:\Windows\System32\WindowsPowerShell\v1.0\;C:\Windows\System32\OpenSSH\;C:\Program Files\dotnet\;C:\Program Files (x86)\Intel\Intel(R) Management Engine Components\DAL;C:\Program Files\Intel\Intel(R) Management Engine Components\DAL;C:\Program Files\PuTTY\;C:\Program Files\MATLAB\R2023a\runtime\win64;C:\Program Files\MATLAB\R2023a\bin;C:\ProgramData\chocolatey\bin;C:\Program Files\OpenJDK\jdk-21.0.1\bin;C:\Program Files (x86)\Microsoft SQL Server\160\DTS\Binn\;C:\Program Files\Azure Data Studio\bin;C:\Program Files\Microsoft SQL Server\150\Tools\Binn\;C:\Program Files\Microsoft SQL Server\Client SDK\ODBC\170\Tools\Binn\;C:\Program Files (x86)\Windows Kits\10\Windows Performance Toolkit\;C:\Program Files (x86)\Nodist\bin;C:\Program Files\NVIDIA Corporation\Nsight Compute 2024.3.2\;C:\Program Files (x86)\NVIDIA Corporation\PhysX\Common;C:\Users\raule\AppData\Local\Programs\Python\Python312\Scripts\;C:\Users\raule\AppData\Local\Programs\Python\Python312\;C:\Program Files\R\R-4.4.1\bin;C:\Users\raule\AppData\Roaming\ESI-OpenCFD\OpenFOAM\v2406;C:\Program Files\Docker\Docker\resources\bin;C:\MinGW\bin;C:\Xilinx\Vivado\2024.2\bin;C:\Xilinx\Vitis\2024.2\bin;C:\Program Files\Git\cmd;C:\Users\raule\AppData\Local\Microsoft\WindowsApps;C:\Program Files\JetBrains\PyCharm Community Edition 2023.1.4\bin;C:\Users\raule\.dotnet\tools;C:\Users\raule\AppData\Local\JetBrains\Toolbox\scripts;c:\users\raule\appdata\roaming\python\python312\scripts;c:\users\raule\.local\bin;C:\Program Files (x86)\Nmap;C:\Program Files\JetBrains\PyCharm 2025.1\bin;;C:\Program Files\JetBrains\CLion 2025.1\bin;C:\Users\raule\AppData\Local\Pandoc\;C:/Xilinx/2025.1/Vitis\tps\mingw\6.2.0\win64.o\nt\bin;C:/Xilinx/2025.1/Vitis\tps\mingw\6.2.0\win64.o\nt\libexec\gcc\x86_64-w64-mingw32\6.2.0
PATHEXT=.COM;.EXE;.BAT;.CMD;.VBS;.VBE;.JS;.JSE;.WSF;.WSH;.MSC;.PY
PROCESSOR_ARCHITECTURE=AMD64
PROCESSOR_IDENTIFIER=Intel64 Family 6 Model 158 Stepping 9, GenuineIntel
PROCESSOR_LEVEL=6
PROCESSOR_REVISION=9e09
PRODVERSION_EXE=C:/Xilinx/2025.1/Vitis/bin/unwrapped/win64.o/prodversion.exe
PROGRAMDATA=C:\ProgramData
PROGRAMFILES=C:\Program Files
PROGRAMFILES(X86)=C:\Program Files (x86)
PROGRAMW6432=C:\Program Files
PROMPT=$P$G
PSMODULEPATH=C:\Program Files\WindowsPowerShell\Modules;C:\Windows\system32\WindowsPowerShell\v1.0\Modules
PUBLIC=C:\Users\Public
PYCHARM=C:\Program Files\JetBrains\PyCharm 2025.1\bin;
PYCHARM COMMUNITY EDITION=C:\Program Files\JetBrains\PyCharm Community Edition 2023.1.4\bin;
PYTHONPATH=C:/Xilinx/2025.1/Vitis\cli;C:/Xilinx/2025.1/Vitis\cli\python-packages\win64;C:/Xilinx/2025.1/Vitis\cli\python-packages\site-packages;C:/Xilinx/2025.1/Vitis\cli\proto;C:/Xilinx/2025.1/Vitis\scripts\python_pkg;
python_path=C:/Xilinx/2025.1/Vitis\cli;C:/Xilinx/2025.1/Vitis\cli\python-packages\win64;C:/Xilinx/2025.1/Vitis\cli\python-packages\site-packages;C:/Xilinx/2025.1/Vitis\cli\proto;C:/Xilinx/2025.1/Vitis\scripts\python_pkg;
RDI_APPROOT=C:/Xilinx/2025.1/Vitis
RDI_ARGS= --mode hls --csim --config C:\Vws25\dti_hls_core\hls_config.cfg --work_dir dti_hls_core
RDI_ARGS_FUNCTION=RDI_EXEC_DEFAULT
RDI_BASEROOT=C:/Xilinx/2025.1
RDI_BINDIR=C:/Xilinx/2025.1/Vitis/bin
RDI_BINROOT=C:/Xilinx/2025.1/Vitis/bin
RDI_BUILD=yes
RDI_CHECK_PROG=True
RDI_DATADIR=C:/Xilinx/2025.1/Vitis/data
RDI_INSTALLROOT=C:/Xilinx
RDI_INSTALLVER=Vitis
RDI_INSTALLVERSION=2025.1
RDI_JAVACEFROOT=C:/Xilinx/2025.1/Vitis/tps/win64/java-cef-95.0.4638.69
RDI_JAVAFXROOT=C:/Xilinx/2025.1/Vitis/tps/win64/javafx-sdk-11.0.2
RDI_JAVAROOT=C:/Xilinx/2025.1/Vitis/tps/win64/jre11.0.16_1
RDI_JAVA_VERSION=11.0.16_1
RDI_LIBDIR=C:/Xilinx/2025.1/Vitis/lib/win64.o
RDI_MINGW_LIB=C:/Xilinx/2025.1/Vitis\tps\mingw\6.2.0\win64.o\nt\bin;C:/Xilinx/2025.1/Vitis\tps\mingw\6.2.0\win64.o\nt\libexec\gcc\x86_64-w64-mingw32\6.2.0
RDI_OPT_EXT=.o
RDI_OS_ARCH=64
RDI_PLATFORM=win64
RDI_PREPEND_PATH=C:/Xilinx/2025.1/Vitis/bin
RDI_PROG=C:/Xilinx/2025.1/Vitis/bin/unwrapped/win64.o/vitis-run.exe
RDI_PROGNAME=vitis-run.exe
RDI_SESSION_INFO=C:\Xilinx\2025.1\Vitis\bin:DESKTOP-HKFIFEN-18-07-2025_20-03-54,68
RDI_SHARED_DATA=C:/Xilinx/SharedData/2025.1/data
RDI_TEMPINSTALL=C:\Xilinx\2025.1
RDI_TPS_ROOT=C:/Xilinx/2025.1/Vivado/tps/win64
RDI_USE_JDK11=1
RDI_VERBOSE=False
RTOOLS44_HOME=C:\rtools44
RT_LIBPATH=C:/Xilinx/2025.1/Vitis/scripts/rt/data
RT_TCL_PATH=C:/Xilinx/2025.1/Vitis/scripts/rt/base_tcl/tcl
SESSIONNAME=Console
SESSION_STRING=c:\Vws25:DESKTOP-HKFIFEN-19-07-2025_16-27-08,35
SUPPORTS_CLASSIC_IDE=true
SYNTH_COMMON=C:/Xilinx/2025.1/Vitis/scripts/rt/data
SYSTEMDRIVE=C:
SYSTEMROOT=C:\Windows
TCL_LIBRARY=C:/Xilinx/2025.1/Vitis/tps/tcl/tcl8.6
TCMALLOC_LARGE_ALLOC_REPORT_THRESHOLD=4294967296
TEMP=C:\Users\raule\AppData\Local\Temp
THEIA_APP_PROJECT_PATH=C:\Xilinx\2025.1\Vitis\ide\electron-app\win64\resources\app
THEIA_CONFIG_DIR=C:\Users\raule\.theia
THEIA_DEFAULT_PLUGINS=local-dir:C:\Xilinx\2025.1\Vitis\ide\electron-app\win64\resources\app\plugins
THEIA_ELECTRON_TOKEN={"value":"86ee1cc6-863d-482f-87bc-34de08cbac74"}
THEIA_ELECTRON_VERSION=30.1.2
THEIA_PLUGINS=local-dir:C:\Users\raule\.theia\plugins
TMP=C:\Users\raule\AppData\Local\Temp
TOOLDIR=tps\win64\git-2.46.0
TOOLS_CLANGD=C:/Xilinx/2025.1/Vitis/win64/tools/vcxx\libexec
TPS_CMAKE=C:/Xilinx/2025.1/Vivado\tps\win64\cmake-3.24.2
TPS_GIT=C:/Xilinx/2025.1/Vivado\tps\win64\git-2.46.0
TPS_LIBXSLT=C:/Xilinx/2025.1/Vivado\tps\win64\libxslt
TPS_PYTHON=C:/Xilinx/2025.1/Vivado\tps\win64\python-3.13.0
USERDOMAIN=DESKTOP-HKFIFEN
USERDOMAIN_ROAMINGPROFILE=DESKTOP-HKFIFEN
USERNAME=raule
USERPROFILE=C:\Users\raule
VALIDATE_ARGS="False"
VITISNEW=true
VSCODE_API_VERSION=1.95.3
WINDIR=C:\Windows
XILINX_HLS=C:/Xilinx/2025.1/Vitis
XILINX_PLANAHEAD=C:/Xilinx/2025.1/Vitis
XILINX_SDK=C:/Xilinx/2025.1/Vitis
XILINX_VCXX=C:/Xilinx/2025.1/Vitis/win64/tools/vcxx
XILINX_VERSION_DEFAULT=2025.1
XILINX_VERSION_VITIS=2025.1
XILINX_VITIS=C:/Xilinx/2025.1/Vitis
XILINX_VITIS_GIT=C:/Xilinx/2025.1/Vivado\tps\win64\git-2.46.0\bin
XILINX_VITIS_VERSION=Vitis v2025.1 (64-bit)
XILINX_VIVADO=C:/Xilinx/2025.1/Vivado
XIL_CHECK_TCL_DEBUG=False
XIL_NO_OVERRIDE=0
XIL_SUPPRESS_OVERRIDE_WARNINGS=1
XVREDIST=C:/Xilinx/2025.1/Vitis\tps\win64\xvcredist.exe
ZES_ENABLE_SYSMAN=1
_RDI_BINROOT=C:\Xilinx\2025.1\Vitis\bin
_RDI_CWD=c:\Vws25
_RDI_DONT_SET_XILINX_AS_PATH=True
GIT_ASKPASS=C:\Xilinx\2025.1\Vitis\ide\electron-app\win64\resources\app\plugins\vscode.git\extension\dist\askpass.sh
VSCODE_GIT_ASKPASS_NODE=C:\Xilinx\2025.1\Vitis\ide\electron-app\win64\vitis-ide.exe
VSCODE_GIT_ASKPASS_MAIN=C:\Xilinx\2025.1\Vitis\ide\electron-app\win64\resources\app\plugins\vscode.git\extension\dist\askpass-main.js
VSCODE_GIT_IPC_HANDLE=\\.\pipe\vscode-git-a8161b28dc-sock
_RDI_VERSION_PROG=vitis-run
_valid=False
XILINX_CD_CONNECT_ID=56733
XILINX_CD_SESSION=4b85bb44-84c2-4820-b448-181a86459a1a


VITIS-RUN command line:
------------------------------------------
C:/Xilinx/2025.1/Vitis/bin/unwrapped/win64.o/vitis-run.exe --mode hls --csim --config C:\Vws25\dti_hls_core\hls_config.cfg --work_dir dti_hls_core 

FINAL PROGRAM OPTIONS
--config C:\Vws25\dti_hls_core\hls_config.cfg
--csim
--hls.clock 200
--hls.clock_uncertainty 2%
--hls.flow_target vivado
--hls.package.output.format ip_catalog
--hls.package.output.syn false
--hls.syn.file ./source/dti_core_ovr.cpp
--hls.syn.file ./source/hls_stub.h
--hls.syn.file ./source/step_propagators.cpp
--hls.syn.file ./source/step_propagators.h
--hls.syn.top dti_core_ovr
--hls.tb.file ./testbench/step_propagators_tb.cpp
--hls.tb.file ./testbench/test_utils.cpp
--hls.tb.file ./testbench/test_utils.h
--hls.tb.file ./testbench/validation_data_main
--mode hls
--part xck26-sfvc784-2LV-c
--work_dir dti_hls_core

PARSED COMMAND LINE OPTIONS
--mode hls 
--csim 
--config C:\Vws25\dti_hls_core\hls_config.cfg 
--work_dir dti_hls_core 

PARSED CONFIG FILE (1) OPTIONS
file: C:\Vws25\dti_hls_core\hls_config.cfg
part xck26-sfvc784-2LV-c 
hls.flow_target vivado 
hls.package.output.format ip_catalog 
hls.package.output.syn false 
hls.syn.top dti_core_ovr 
hls.clock 200 
hls.clock_uncertainty 2% 
hls.syn.file ./source/dti_core_ovr.cpp 
hls.syn.file ./source/hls_stub.h 
hls.syn.file ./source/step_propagators.cpp 
hls.syn.file ./source/step_propagators.h 
hls.tb.file ./testbench/step_propagators_tb.cpp 
hls.tb.file ./testbench/test_utils.cpp 
hls.tb.file ./testbench/test_utils.h 
hls.tb.file ./testbench/validation_data_main 


==========================================
new:  steps log generated by v++ for new launch 
timestamp: 19 Jul 2025 16:27:12

------------------------------------------
VITIS-RUN command line :
------------------------------------------
C:/Xilinx/2025.1/Vitis/bin/unwrapped/win64.o/vitis-run.exe --mode hls --csim --config C:\Vws25\dti_hls_core\hls_config.cfg --work_dir . 
  Options from -O    : 
  Options from *.ini : 
  Options from Hw Platform : 

==========================================
new:  steps log generated by v++ for new launch 
timestamp: 19 Jul 2025 17:31:05

------------------------------------------
VITIS-RUN command line :
------------------------------------------
C:/Xilinx/2025.1/Vitis/bin/unwrapped/win64.o/vitis-run.exe --mode hls --csim --config C:\Vws25\dti_hls_core\hls_config.cfg --work_dir . 
  Options from -O    : 
  Options from *.ini : 
  Options from Hw Platform : 

==========================================
new:  steps log generated by v++ for new launch 
timestamp: 19 Jul 2025 17:36:05

------------------------------------------
VITIS-RUN command line :
------------------------------------------
C:/Xilinx/2025.1/Vitis/bin/unwrapped/win64.o/vitis-run.exe --mode hls --csim --config C:\Vws25\dti_hls_core\hls_config.cfg --work_dir . 
  Options from -O    : 
  Options from *.ini : 
  Options from Hw Platform : 

==========================================
new:  steps log generated by v++ for new launch 
timestamp: 20 Jul 2025 14:46:27

------------------------------------------
V++ command line :
------------------------------------------
C:/Xilinx/2025.1/Vitis/bin/unwrapped/win64.o/v++.exe -c --mode hls --config C:\Vws25\dti_hls_core\hls_config.cfg --work_dir . 
  Options from -O    : 
  Options from *.ini : 
  Options from Hw Platform : 

==========================================
new:  steps log generated by v++ for new launch 
timestamp: 20 Jul 2025 14:52:05
