07/19/25 16:27:09: Running xcd server. This server was built by gradle.
07/19/25 16:27:09: Server was asked to start on port: '56733'
07/19/25 16:27:09: Server is using token UUID: 'e4baac71-b02f-4c46-818f-b4a28ddc02a1'
07/19/25 16:27:09: SESSION_MGR: creating session with session uuid: '6d04a3e9-ade5-4ab9-8d63-1f78fcd2ec76' and name 'default'
07/19/25 16:27:09: Attempting to start server on port '56733'
07/19/25 16:27:09: Running Dispatch Server
07/19/25 16:27:09: Version 2.2.0
07/19/25 16:27:12: Dispatch Server: Accepted socket connection from client
07/19/25 16:27:12: Starting Socket connection
07/19/25 16:27:12: EXCHANGE_TOKEN received, server token: e4baac71-b02f-4c46-818f-b4a28ddc02a1, passed token: e4baac71-b02f-4c46-818f-b4a28ddc02a1
07/19/25 16:27:12: DISPATCH_HANDLER: Adding handler from function makeHandler in library xv_system_diagram
07/19/25 16:27:12: SESSION_MGR: creating session with session uuid: '4b85bb44-84c2-4820-b448-181a86459a1a' and name 'vitis-run_compile_dti_hls_core'
07/19/25 16:27:12: KERNEL_SVC: creating session with uuid: '4b85bb44-84c2-4820-b448-181a86459a1a' and name 'vitis-run_compile_dti_hls_core'
07/19/25 16:27:12: GUIDANCE_SMGR: creating guidance session with uuid: '4b85bb44-84c2-4820-b448-181a86459a1a' and name 'vitis-run_compile_dti_hls_core'
07/19/25 16:27:12: SYSTEM_DIAGRAM: creating session with uuid: '4b85bb44-84c2-4820-b448-181a86459a1a' and name 'vitis-run_compile_dti_hls_core'
07/19/25 16:28:01: Dispatch Server: Accepted socket connection from client
07/19/25 16:28:01: Starting Socket connection
07/19/25 16:28:16: SESSION_MGR: closing session for UUID '4b85bb44-84c2-4820-b448-181a86459a1a' with name 'vitis-run_compile_dti_hls_core'
07/19/25 16:28:16: KERNEL_SVC: closing session for UUID '4b85bb44-84c2-4820-b448-181a86459a1a' with name 'vitis-run_compile_dti_hls_core'
07/19/25 16:28:16: GUIDANCE_SMGR: closing session for UUID '4b85bb44-84c2-4820-b448-181a86459a1a' with name 'vitis-run_compile_dti_hls_core'
07/19/25 16:28:16: SYSTEM_DIAGRAM: closing session for UUID '4b85bb44-84c2-4820-b448-181a86459a1a' with name 'vitis-run_compile_dti_hls_core'
07/19/25 16:28:16: STOP_SERVER received, server token: e4baac71-b02f-4c46-818f-b4a28ddc02a1, passed token: e4baac71-b02f-4c46-818f-b4a28ddc02a1
07/19/25 16:28:16: Socket received request to stop server.
07/19/25 16:28:16: Dispatch Server: do_await_stop
07/19/25 16:28:16: SERVER: destructor for server bound to port 56733
07/19/25 17:31:02: Running xcd server. This server was built by gradle.
07/19/25 17:31:02: Server was asked to start on port: '39312'
07/19/25 17:31:02: Server is using token UUID: '96392f9e-f183-453c-8bb6-917ca29c0594'
07/19/25 17:31:02: SESSION_MGR: creating session with session uuid: '6d04a3e9-ade5-4ab9-8d63-1f78fcd2ec76' and name 'default'
07/19/25 17:31:02: Attempting to start server on port '39312'
07/19/25 17:31:02: Running Dispatch Server
07/19/25 17:31:02: Version 2.2.0
07/19/25 17:31:04: Dispatch Server: Accepted socket connection from client
07/19/25 17:31:04: Starting Socket connection
07/19/25 17:31:04: EXCHANGE_TOKEN received, server token: 96392f9e-f183-453c-8bb6-917ca29c0594, passed token: 96392f9e-f183-453c-8bb6-917ca29c0594
07/19/25 17:31:05: DISPATCH_HANDLER: Adding handler from function makeHandler in library xv_system_diagram
07/19/25 17:31:05: SESSION_MGR: creating session with session uuid: '0594bdf5-f7d3-4a1f-9cb6-b6a72952eca4' and name 'vitis-run_compile_dti_hls_core'
07/19/25 17:31:05: KERNEL_SVC: creating session with uuid: '0594bdf5-f7d3-4a1f-9cb6-b6a72952eca4' and name 'vitis-run_compile_dti_hls_core'
07/19/25 17:31:05: GUIDANCE_SMGR: creating guidance session with uuid: '0594bdf5-f7d3-4a1f-9cb6-b6a72952eca4' and name 'vitis-run_compile_dti_hls_core'
07/19/25 17:31:05: SYSTEM_DIAGRAM: creating session with uuid: '0594bdf5-f7d3-4a1f-9cb6-b6a72952eca4' and name 'vitis-run_compile_dti_hls_core'
07/19/25 17:32:35: Dispatch Server: Accepted socket connection from client
07/19/25 17:32:35: Starting Socket connection
07/19/25 17:34:09: SESSION_MGR: closing session for UUID '0594bdf5-f7d3-4a1f-9cb6-b6a72952eca4' with name 'vitis-run_compile_dti_hls_core'
07/19/25 17:34:09: KERNEL_SVC: closing session for UUID '0594bdf5-f7d3-4a1f-9cb6-b6a72952eca4' with name 'vitis-run_compile_dti_hls_core'
07/19/25 17:34:09: GUIDANCE_SMGR: closing session for UUID '0594bdf5-f7d3-4a1f-9cb6-b6a72952eca4' with name 'vitis-run_compile_dti_hls_core'
07/19/25 17:34:09: SYSTEM_DIAGRAM: closing session for UUID '0594bdf5-f7d3-4a1f-9cb6-b6a72952eca4' with name 'vitis-run_compile_dti_hls_core'
07/19/25 17:34:09: STOP_SERVER received, server token: 96392f9e-f183-453c-8bb6-917ca29c0594, passed token: 96392f9e-f183-453c-8bb6-917ca29c0594
07/19/25 17:34:09: Socket received request to stop server.
07/19/25 17:34:09: Dispatch Server: do_await_stop
07/19/25 17:34:09: SERVER: destructor for server bound to port 39312
07/19/25 17:36:02: Running xcd server. This server was built by gradle.
07/19/25 17:36:02: Server was asked to start on port: '39362'
07/19/25 17:36:02: Server is using token UUID: '388d6e53-6eb3-472e-82b3-c96e360b4670'
07/19/25 17:36:02: SESSION_MGR: creating session with session uuid: '6d04a3e9-ade5-4ab9-8d63-1f78fcd2ec76' and name 'default'
07/19/25 17:36:02: Attempting to start server on port '39362'
07/19/25 17:36:02: Running Dispatch Server
07/19/25 17:36:02: Version 2.2.0
07/19/25 17:36:05: Dispatch Server: Accepted socket connection from client
07/19/25 17:36:05: Starting Socket connection
07/19/25 17:36:05: EXCHANGE_TOKEN received, server token: 388d6e53-6eb3-472e-82b3-c96e360b4670, passed token: 388d6e53-6eb3-472e-82b3-c96e360b4670
07/19/25 17:36:05: DISPATCH_HANDLER: Adding handler from function makeHandler in library xv_system_diagram
07/19/25 17:36:05: SESSION_MGR: creating session with session uuid: '77c73293-b1f2-4014-aaac-97cf30a7f0ed' and name 'vitis-run_compile_dti_hls_core'
07/19/25 17:36:05: KERNEL_SVC: creating session with uuid: '77c73293-b1f2-4014-aaac-97cf30a7f0ed' and name 'vitis-run_compile_dti_hls_core'
07/19/25 17:36:05: GUIDANCE_SMGR: creating guidance session with uuid: '77c73293-b1f2-4014-aaac-97cf30a7f0ed' and name 'vitis-run_compile_dti_hls_core'
07/19/25 17:36:05: SYSTEM_DIAGRAM: creating session with uuid: '77c73293-b1f2-4014-aaac-97cf30a7f0ed' and name 'vitis-run_compile_dti_hls_core'
07/19/25 17:36:10: Dispatch Server: Accepted socket connection from client
07/19/25 17:36:10: Starting Socket connection
07/19/25 17:36:20: SESSION_MGR: closing session for UUID '77c73293-b1f2-4014-aaac-97cf30a7f0ed' with name 'vitis-run_compile_dti_hls_core'
07/19/25 17:36:20: KERNEL_SVC: closing session for UUID '77c73293-b1f2-4014-aaac-97cf30a7f0ed' with name 'vitis-run_compile_dti_hls_core'
07/19/25 17:36:20: GUIDANCE_SMGR: closing session for UUID '77c73293-b1f2-4014-aaac-97cf30a7f0ed' with name 'vitis-run_compile_dti_hls_core'
07/19/25 17:36:20: SYSTEM_DIAGRAM: closing session for UUID '77c73293-b1f2-4014-aaac-97cf30a7f0ed' with name 'vitis-run_compile_dti_hls_core'
07/19/25 17:36:20: STOP_SERVER received, server token: 388d6e53-6eb3-472e-82b3-c96e360b4670, passed token: 388d6e53-6eb3-472e-82b3-c96e360b4670
07/19/25 17:36:20: Socket received request to stop server.
07/19/25 17:36:20: Dispatch Server: do_await_stop
07/19/25 17:36:20: SERVER: destructor for server bound to port 39362
07/20/25 14:46:26: Running xcd server. This server was built by gradle.
07/20/25 14:46:26: Server was asked to start on port: '43334'
07/20/25 14:46:26: Server is using token UUID: '3f02a8de-478b-44fb-bcb9-d6522c3bf2a5'
07/20/25 14:46:26: SESSION_MGR: creating session with session uuid: '6d04a3e9-ade5-4ab9-8d63-1f78fcd2ec76' and name 'default'
07/20/25 14:46:26: Attempting to start server on port '43334'
07/20/25 14:46:26: Running Dispatch Server
07/20/25 14:46:26: Version 2.2.0
07/20/25 14:46:26: Dispatch Server: Accepted socket connection from client
07/20/25 14:46:26: Starting Socket connection
07/20/25 14:46:26: EXCHANGE_TOKEN received, server token: 3f02a8de-478b-44fb-bcb9-d6522c3bf2a5, passed token: 3f02a8de-478b-44fb-bcb9-d6522c3bf2a5
07/20/25 14:46:27: DISPATCH_HANDLER: Adding handler from function makeHandler in library xv_system_diagram
07/20/25 14:46:27: SESSION_MGR: creating session with session uuid: '8f785a7e-427f-4d1a-8762-84f1c063b091' and name 'vitis-run_compile_dti_hls_core'
07/20/25 14:46:27: KERNEL_SVC: creating session with uuid: '8f785a7e-427f-4d1a-8762-84f1c063b091' and name 'vitis-run_compile_dti_hls_core'
07/20/25 14:46:27: GUIDANCE_SMGR: creating guidance session with uuid: '8f785a7e-427f-4d1a-8762-84f1c063b091' and name 'vitis-run_compile_dti_hls_core'
07/20/25 14:46:27: SYSTEM_DIAGRAM: creating session with uuid: '8f785a7e-427f-4d1a-8762-84f1c063b091' and name 'vitis-run_compile_dti_hls_core'
07/20/25 14:46:46: Dispatch Server: Accepted socket connection from client
07/20/25 14:46:46: Starting Socket connection
07/20/25 14:49:43: SESSION_MGR: closing session for UUID '8f785a7e-427f-4d1a-8762-84f1c063b091' with name 'vitis-run_compile_dti_hls_core'
07/20/25 14:49:43: KERNEL_SVC: closing session for UUID '8f785a7e-427f-4d1a-8762-84f1c063b091' with name 'vitis-run_compile_dti_hls_core'
07/20/25 14:49:43: GUIDANCE_SMGR: closing session for UUID '8f785a7e-427f-4d1a-8762-84f1c063b091' with name 'vitis-run_compile_dti_hls_core'
07/20/25 14:49:43: SYSTEM_DIAGRAM: closing session for UUID '8f785a7e-427f-4d1a-8762-84f1c063b091' with name 'vitis-run_compile_dti_hls_core'
07/20/25 14:49:43: STOP_SERVER received, server token: 3f02a8de-478b-44fb-bcb9-d6522c3bf2a5, passed token: 3f02a8de-478b-44fb-bcb9-d6522c3bf2a5
07/20/25 14:49:43: Socket received request to stop server.
07/20/25 14:49:43: Dispatch Server: do_await_stop
07/20/25 14:49:43: SERVER: destructor for server bound to port 43334
07/20/25 14:52:01: Running xcd server. This server was built by gradle.
07/20/25 14:52:01: Server was asked to start on port: '43474'
07/20/25 14:52:01: Server is using token UUID: 'a3b5922e-2440-455d-b40e-04078c7acb39'
07/20/25 14:52:01: SESSION_MGR: creating session with session uuid: '6d04a3e9-ade5-4ab9-8d63-1f78fcd2ec76' and name 'default'
07/20/25 14:52:01: Attempting to start server on port '43474'
07/20/25 14:52:01: Running Dispatch Server
07/20/25 14:52:01: Version 2.2.0
07/20/25 14:52:03: Dispatch Server: Accepted socket connection from client
07/20/25 14:52:03: Starting Socket connection
07/20/25 14:52:03: EXCHANGE_TOKEN received, server token: a3b5922e-2440-455d-b40e-04078c7acb39, passed token: a3b5922e-2440-455d-b40e-04078c7acb39
07/20/25 14:52:03: DISPATCH_HANDLER: Adding handler from function makeHandler in library xv_system_diagram
07/20/25 14:52:03: SESSION_MGR: creating session with session uuid: '1d5e4b44-cb95-4bfd-ac36-b11f4dc2da07' and name 'v++_compile_dti_hls_core'
07/20/25 14:52:03: KERNEL_SVC: creating session with uuid: '1d5e4b44-cb95-4bfd-ac36-b11f4dc2da07' and name 'v++_compile_dti_hls_core'
07/20/25 14:52:03: GUIDANCE_SMGR: creating guidance session with uuid: '1d5e4b44-cb95-4bfd-ac36-b11f4dc2da07' and name 'v++_compile_dti_hls_core'
07/20/25 14:52:03: SYSTEM_DIAGRAM: creating session with uuid: '1d5e4b44-cb95-4bfd-ac36-b11f4dc2da07' and name 'v++_compile_dti_hls_core'
07/20/25 14:52:14: Dispatch Server: Accepted socket connection from client
07/20/25 14:52:14: Starting Socket connection
07/20/25 19:51:28: SESSION_MGR: closing session for UUID '1d5e4b44-cb95-4bfd-ac36-b11f4dc2da07' with name 'v++_compile_dti_hls_core'
07/20/25 19:51:28: KERNEL_SVC: closing session for UUID '1d5e4b44-cb95-4bfd-ac36-b11f4dc2da07' with name 'v++_compile_dti_hls_core'
07/20/25 19:51:29: GUIDANCE_SMGR: closing session for UUID '1d5e4b44-cb95-4bfd-ac36-b11f4dc2da07' with name 'v++_compile_dti_hls_core'
07/20/25 19:51:32: SYSTEM_DIAGRAM: closing session for UUID '1d5e4b44-cb95-4bfd-ac36-b11f4dc2da07' with name 'v++_compile_dti_hls_core'
07/20/25 19:51:34: STOP_SERVER received, server token: a3b5922e-2440-455d-b40e-04078c7acb39, passed token: a3b5922e-2440-455d-b40e-04078c7acb39
07/20/25 19:51:34: Socket received request to stop server.
07/20/25 19:51:34: Dispatch Server: do_await_stop
07/20/25 19:51:34: SERVER: destructor for server bound to port 43474
